<?xml version="1.0" encoding="UTF-8"?>
<testsuite xmlns:xsi="http://www.w3.org/2001/XMLSchema-instance" xsi:noNamespaceSchemaLocation="https://maven.apache.org/surefire/maven-surefire-plugin/xsd/surefire-test-report-3.0.xsd" version="3.0" name="modele.TestCalculatriceDynamiqueDuFuturImpl" time="0.096" tests="4" errors="0" skipped="0" failures="0">
  <properties>
[...]
</properties>
  <testcase name="testOperationModule" classname="modele.TestCalculatriceDynamiqueDuFuturImpl" time="0.049"/>
  <testcase name="testOperationSommes" classname="modele.TestCalculatriceDynamiqueDuFuturImpl" time="0.0"/>
  <testcase name="testOperationDivision" classname="modele.TestCalculatriceDynamiqueDuFuturImpl" time="0.0"/>
  <testcase name="testOperationPythagore" classname="modele.TestCalculatriceDynamiqueDuFuturImpl" time="0.0"/>
</testsuite>